# JRE version: OpenJDK Runtime Environment (17.0.6) (build 17.0.6+0-b2043.56-10027231)
# Java VM: OpenJDK 64-Bit Server VM (17.0.6+0-b2043.56-10027231, mixed mode, tiered, compressed oops, compressed class ptrs, g1 gc, windows-amd64)
GC Precious Log:
 CPUs: 12 total, 12 available
 Memory: 12168M
 Large Page Support: Disabled
 NUMA Support: Disabled
 Compressed Oops: Enabled (32-bit)
 Heap Region Size: 1M
 Heap Min Capacity: 8M
 Heap Initial Capacity: 192M
 Heap Max Capacity: 2G
 Pre-touch: Disabled
 Parallel Workers: 10
 Concurrent Workers: 3
 Concurrent Refinement Workers: 10
 Periodic GC: Disabled
Heap:
 garbage-first heap   total 368640K, used 276212K [0x0000000080000000, 0x0000000100000000)
  region size 1024K, 24 young (24576K), 7 survivors (7168K)
 Metaspace       used 143873K, committed 144896K, reserved 1179648K
  class space    used 19706K, committed 20160K, reserved 1048576K
GC Heap History (20 events):
Event: 7641.769 GC heap before
{Heap before GC invocations=51 (full 0):
 garbage-first heap   total 368640K, used 303687K [0x0000000080000000, 0x0000000100000000)
  region size 1024K, 104 young (106496K), 2 survivors (2048K)
 Metaspace       used 124612K, committed 125504K, reserved 1163264K
  class space    used 16400K, committed 16832K, reserved 1048576K
}
Event: 7641.782 GC heap after
{Heap after GC invocations=52 (full 0):
 garbage-first heap   total 368640K, used 210102K [0x0000000080000000, 0x0000000100000000)
  region size 1024K, 12 young (12288K), 12 survivors (12288K)
 Metaspace       used 124612K, committed 125504K, reserved 1163264K
  class space    used 16400K, committed 16832K, reserved 1048576K
}
Event: 7642.785 GC heap before
{Heap before GC invocations=52 (full 0):
 garbage-first heap   total 368640K, used 306358K [0x0000000080000000, 0x0000000100000000)
  region size 1024K, 105 young (107520K), 12 survivors (12288K)
 Metaspace       used 133494K, committed 134464K, reserved 1171456K
  class space    used 18028K, committed 18496K, reserved 1048576K
}
Event: 7642.798 GC heap after
{Heap after GC invocations=53 (full 0):
 garbage-first heap   total 368640K, used 215581K [0x0000000080000000, 0x0000000100000000)
  region size 1024K, 11 young (11264K), 11 survivors (11264K)
 Metaspace       used 133494K, committed 134464K, reserved 1171456K
  class space    used 18028K, committed 18496K, reserved 1048576K
}
Event: 7643.513 GC heap before
{Heap before GC invocations=53 (full 0):
 garbage-first heap   total 368640K, used 305693K [0x0000000080000000, 0x0000000100000000)
  region size 1024K, 100 young (102400K), 11 survivors (11264K)
 Metaspace       used 138259K, committed 139200K, reserved 1171456K
  class space    used 18941K, committed 19392K, reserved 1048576K
}
Event: 7643.525 GC heap after
{Heap after GC invocations=54 (full 0):
 garbage-first heap   total 368640K, used 217508K [0x0000000080000000, 0x0000000100000000)
  region size 1024K, 3 young (3072K), 3 survivors (3072K)
 Metaspace       used 138259K, committed 139200K, reserved 1171456K
  class space    used 18941K, committed 19392K, reserved 1048576K
}
Event: 7644.656 GC heap before
{Heap before GC invocations=54 (full 0):
 garbage-first heap   total 368640K, used 308644K [0x0000000080000000, 0x0000000100000000)
  region size 1024K, 93 young (95232K), 3 survivors (3072K)
 Metaspace       used 140666K, committed 141632K, reserved 1171456K
  class space    used 19428K, committed 19904K, reserved 1048576K
}
Event: 7644.663 GC heap after
{Heap after GC invocations=55 (full 0):
 garbage-first heap   total 368640K, used 219875K [0x0000000080000000, 0x0000000100000000)
  region size 1024K, 6 young (6144K), 6 survivors (6144K)
 Metaspace       used 140666K, committed 141632K, reserved 1171456K
  class space    used 19428K, committed 19904K, reserved 1048576K
}
Event: 7645.744 GC heap before
{Heap before GC invocations=55 (full 0):
 garbage-first heap   total 368640K, used 312035K [0x0000000080000000, 0x0000000100000000)
  region size 1024K, 96 young (98304K), 6 survivors (6144K)
 Metaspace       used 142034K, committed 143040K, reserved 1179648K
  class space    used 19618K, committed 20096K, reserved 1048576K
}
Event: 7645.753 GC heap after
{Heap after GC invocations=56 (full 0):
 garbage-first heap   total 368640K, used 218539K [0x0000000080000000, 0x0000000100000000)
  region size 1024K, 4 young (4096K), 4 survivors (4096K)
 Metaspace       used 142034K, committed 143040K, reserved 1179648K
  class space    used 19618K, committed 20096K, reserved 1048576K
}
Event: 7646.888 GC heap before
{Heap before GC invocations=56 (full 0):
 garbage-first heap   total 368640K, used 314795K [0x0000000080000000, 0x0000000100000000)
  region size 1024K, 98 young (100352K), 4 survivors (4096K)
 Metaspace       used 142377K, committed 143360K, reserved 1179648K
  class space    used 19619K, committed 20096K, reserved 1048576K
}
Event: 7646.895 GC heap after
{Heap after GC invocations=57 (full 0):
 garbage-first heap   total 368640K, used 218118K [0x0000000080000000, 0x0000000100000000)
  region size 1024K, 4 young (4096K), 4 survivors (4096K)
 Metaspace       used 142377K, committed 143360K, reserved 1179648K
  class space    used 19619K, committed 20096K, reserved 1048576K
}
Event: 7647.525 GC heap before
{Heap before GC invocations=57 (full 0):
 garbage-first heap   total 368640K, used 317446K [0x0000000080000000, 0x0000000100000000)
  region size 1024K, 101 young (103424K), 4 survivors (4096K)
 Metaspace       used 142645K, committed 143616K, reserved 1179648K
  class space    used 19620K, committed 20096K, reserved 1048576K
}
Event: 7647.531 GC heap after
{Heap after GC invocations=58 (full 0):
 garbage-first heap   total 368640K, used 218490K [0x0000000080000000, 0x0000000100000000)
  region size 1024K, 4 young (4096K), 4 survivors (4096K)
 Metaspace       used 142645K, committed 143616K, reserved 1179648K
  class space    used 19620K, committed 20096K, reserved 1048576K
}
Event: 7648.191 GC heap before
{Heap before GC invocations=58 (full 0):
 garbage-first heap   total 368640K, used 319866K [0x0000000080000000, 0x0000000100000000)
  region size 1024K, 103 young (105472K), 4 survivors (4096K)
 Metaspace       used 143085K, committed 144064K, reserved 1179648K
  class space    used 19631K, committed 20096K, reserved 1048576K
}
Event: 7648.198 GC heap after
{Heap after GC invocations=59 (full 0):
 garbage-first heap   total 368640K, used 218552K [0x0000000080000000, 0x0000000100000000)
  region size 1024K, 4 young (4096K), 4 survivors (4096K)
 Metaspace       used 143085K, committed 144064K, reserved 1179648K
  class space    used 19631K, committed 20096K, reserved 1048576K
}
Event: 7648.801 GC heap before
{Heap before GC invocations=59 (full 0):
 garbage-first heap   total 368640K, used 279992K [0x0000000080000000, 0x0000000100000000)
  region size 1024K, 61 young (62464K), 4 survivors (4096K)
 Metaspace       used 143489K, committed 144448K, reserved 1179648K
  class space    used 19657K, committed 20096K, reserved 1048576K
}
Event: 7648.808 GC heap after
{Heap after GC invocations=60 (full 0):
 garbage-first heap   total 368640K, used 221371K [0x0000000080000000, 0x0000000100000000)
  region size 1024K, 4 young (4096K), 4 survivors (4096K)
 Metaspace       used 143489K, committed 144448K, reserved 1179648K
  class space    used 19657K, committed 20096K, reserved 1048576K
}
Event: 7648.884 GC heap before
{Heap before GC invocations=60 (full 0):
 garbage-first heap   total 368640K, used 234683K [0x0000000080000000, 0x0000000100000000)
  region size 1024K, 14 young (14336K), 4 survivors (4096K)
 Metaspace       used 143516K, committed 144512K, reserved 1179648K
  class space    used 19658K, committed 20096K, reserved 1048576K
}
Event: 7648.889 GC heap after
{Heap after GC invocations=61 (full 0):
 garbage-first heap   total 368640K, used 229108K [0x0000000080000000, 0x0000000100000000)
  region size 1024K, 7 young (7168K), 7 survivors (7168K)
 Metaspace       used 143516K, committed 144512K, reserved 1179648K
  class space    used 19658K, committed 20096K, reserved 1048576K
}

