# JRE version: OpenJDK Runtime Environment (17.0.6) (build 17.0.6+0-b2043.56-10027231)
# Java VM: OpenJDK 64-Bit Server VM (17.0.6+0-b2043.56-10027231, mixed mode, tiered, compressed oops, compressed class ptrs, g1 gc, windows-amd64)
GC Precious Log:
 CPUs: 12 total, 12 available
 Memory: 12168M
 Large Page Support: Disabled
 NUMA Support: Disabled
 Compressed Oops: Enabled (32-bit)
 Heap Region Size: 1M
 Heap Min Capacity: 8M
 Heap Initial Capacity: 192M
 Heap Max Capacity: 2G
 Pre-touch: Disabled
 Parallel Workers: 10
 Concurrent Workers: 3
 Concurrent Refinement Workers: 10
 Periodic GC: Disabled
Heap:
 garbage-first heap   total 264192K, used 171019K [0x0000000080000000, 0x0000000100000000)
  region size 1024K, 55 young (56320K), 10 survivors (10240K)
 Metaspace       used 147683K, committed 148608K, reserved 1179648K
  class space    used 20829K, committed 21248K, reserved 1048576K
GC Heap History (20 events):
Event: 18.676 GC heap before
{Heap before GC invocations=41 (full 0):
 garbage-first heap   total 264192K, used 201359K [0x0000000080000000, 0x0000000100000000)
  region size 1024K, 114 young (116736K), 8 survivors (8192K)
 Metaspace       used 107083K, committed 107776K, reserved 1146880K
  class space    used 14379K, committed 14720K, reserved 1048576K
}
Event: 18.689 GC heap after
{Heap after GC invocations=42 (full 0):
 garbage-first heap   total 264192K, used 100943K [0x0000000080000000, 0x0000000100000000)
  region size 1024K, 15 young (15360K), 15 survivors (15360K)
 Metaspace       used 107083K, committed 107776K, reserved 1146880K
  class space    used 14379K, committed 14720K, reserved 1048576K
}
Event: 22.493 GC heap before
{Heap before GC invocations=42 (full 0):
 garbage-first heap   total 264192K, used 204367K [0x0000000080000000, 0x0000000100000000)
  region size 1024K, 117 young (119808K), 15 survivors (15360K)
 Metaspace       used 109553K, committed 110272K, reserved 1146880K
  class space    used 14663K, committed 15040K, reserved 1048576K
}
Event: 22.508 GC heap after
{Heap after GC invocations=43 (full 0):
 garbage-first heap   total 264192K, used 108031K [0x0000000080000000, 0x0000000100000000)
  region size 1024K, 9 young (9216K), 9 survivors (9216K)
 Metaspace       used 109553K, committed 110272K, reserved 1146880K
  class space    used 14663K, committed 15040K, reserved 1048576K
}
Event: 23.224 GC heap before
{Heap before GC invocations=43 (full 0):
 garbage-first heap   total 264192K, used 129535K [0x0000000080000000, 0x0000000100000000)
  region size 1024K, 31 young (31744K), 9 survivors (9216K)
 Metaspace       used 113865K, committed 114560K, reserved 1155072K
  class space    used 15256K, committed 15616K, reserved 1048576K
}
Event: 23.232 GC heap after
{Heap after GC invocations=44 (full 0):
 garbage-first heap   total 264192K, used 111165K [0x0000000080000000, 0x0000000100000000)
  region size 1024K, 3 young (3072K), 3 survivors (3072K)
 Metaspace       used 113865K, committed 114560K, reserved 1155072K
  class space    used 15256K, committed 15616K, reserved 1048576K
}
Event: 25.690 GC heap before
{Heap before GC invocations=45 (full 0):
 garbage-first heap   total 264192K, used 213565K [0x0000000080000000, 0x0000000100000000)
  region size 1024K, 104 young (106496K), 3 survivors (3072K)
 Metaspace       used 123940K, committed 124672K, reserved 1163264K
  class space    used 16683K, committed 17024K, reserved 1048576K
}
Event: 25.698 GC heap after
{Heap after GC invocations=46 (full 0):
 garbage-first heap   total 264192K, used 114099K [0x0000000080000000, 0x0000000100000000)
  region size 1024K, 8 young (8192K), 8 survivors (8192K)
 Metaspace       used 123940K, committed 124672K, reserved 1163264K
  class space    used 16683K, committed 17024K, reserved 1048576K
}
Event: 25.720 GC heap before
{Heap before GC invocations=46 (full 0):
 garbage-first heap   total 264192K, used 118195K [0x0000000080000000, 0x0000000100000000)
  region size 1024K, 12 young (12288K), 8 survivors (8192K)
 Metaspace       used 124085K, committed 124800K, reserved 1163264K
  class space    used 16697K, committed 17024K, reserved 1048576K
}
Event: 25.728 GC heap after
{Heap after GC invocations=47 (full 0):
 garbage-first heap   total 264192K, used 110636K [0x0000000080000000, 0x0000000100000000)
  region size 1024K, 2 young (2048K), 2 survivors (2048K)
 Metaspace       used 124085K, committed 124800K, reserved 1163264K
  class space    used 16697K, committed 17024K, reserved 1048576K
}
Event: 27.119 GC heap before
{Heap before GC invocations=47 (full 0):
 garbage-first heap   total 264192K, used 213036K [0x0000000080000000, 0x0000000100000000)
  region size 1024K, 103 young (105472K), 2 survivors (2048K)
 Metaspace       used 136583K, committed 137472K, reserved 1171456K
  class space    used 19278K, committed 19648K, reserved 1048576K
}
Event: 27.127 GC heap after
{Heap after GC invocations=48 (full 0):
 garbage-first heap   total 264192K, used 117995K [0x0000000080000000, 0x0000000100000000)
  region size 1024K, 10 young (10240K), 10 survivors (10240K)
 Metaspace       used 136583K, committed 137472K, reserved 1171456K
  class space    used 19278K, committed 19648K, reserved 1048576K
}
Event: 28.939 GC heap before
{Heap before GC invocations=49 (full 0):
 garbage-first heap   total 264192K, used 227563K [0x0000000080000000, 0x0000000100000000)
  region size 1024K, 104 young (106496K), 10 survivors (10240K)
 Metaspace       used 143864K, committed 144704K, reserved 1179648K
  class space    used 20601K, committed 20992K, reserved 1048576K
}
Event: 28.950 GC heap after
{Heap after GC invocations=50 (full 0):
 garbage-first heap   total 264192K, used 117030K [0x0000000080000000, 0x0000000100000000)
  region size 1024K, 3 young (3072K), 3 survivors (3072K)
 Metaspace       used 143864K, committed 144704K, reserved 1179648K
  class space    used 20601K, committed 20992K, reserved 1048576K
}
Event: 29.247 GC heap before
{Heap before GC invocations=50 (full 0):
 garbage-first heap   total 264192K, used 125222K [0x0000000080000000, 0x0000000100000000)
  region size 1024K, 12 young (12288K), 3 survivors (3072K)
 Metaspace       used 146456K, committed 147392K, reserved 1179648K
  class space    used 20790K, committed 21184K, reserved 1048576K
}
Event: 29.251 GC heap after
{Heap after GC invocations=51 (full 0):
 garbage-first heap   total 264192K, used 115111K [0x0000000080000000, 0x0000000100000000)
  region size 1024K, 1 young (1024K), 1 survivors (1024K)
 Metaspace       used 146456K, committed 147392K, reserved 1179648K
  class space    used 20790K, committed 21184K, reserved 1048576K
}
Event: 4879.202 GC heap before
{Heap before GC invocations=51 (full 0):
 garbage-first heap   total 264192K, used 216487K [0x0000000080000000, 0x0000000100000000)
  region size 1024K, 101 young (103424K), 1 survivors (1024K)
 Metaspace       used 146951K, committed 147904K, reserved 1179648K
  class space    used 20803K, committed 21248K, reserved 1048576K
}
Event: 4879.215 GC heap after
{Heap after GC invocations=52 (full 0):
 garbage-first heap   total 264192K, used 114799K [0x0000000080000000, 0x0000000100000000)
  region size 1024K, 1 young (1024K), 1 survivors (1024K)
 Metaspace       used 146951K, committed 147904K, reserved 1179648K
  class space    used 20803K, committed 21248K, reserved 1048576K
}
Event: 6771.949 GC heap before
{Heap before GC invocations=52 (full 0):
 garbage-first heap   total 264192K, used 221295K [0x0000000080000000, 0x0000000100000000)
  region size 1024K, 104 young (106496K), 1 survivors (1024K)
 Metaspace       used 147631K, committed 148544K, reserved 1179648K
  class space    used 20828K, committed 21248K, reserved 1048576K
}
Event: 6771.978 GC heap after
{Heap after GC invocations=53 (full 0):
 garbage-first heap   total 264192K, used 125963K [0x0000000080000000, 0x0000000100000000)
  region size 1024K, 10 young (10240K), 10 survivors (10240K)
 Metaspace       used 147631K, committed 148544K, reserved 1179648K
  class space    used 20828K, committed 21248K, reserved 1048576K
}

